2026-03-28 01:50:57,030 - INFO - ==================================================
2026-03-28 01:50:57,030 - INFO - 开始执行股票数据抓取任务
2026-03-28 01:50:57,031 - INFO - 开始获取A股实时行情...
2026-03-28 01:52:02,747 - INFO - 获取A股行情完成，共5830条，耗时65.72秒
2026-03-28 01:52:02,810 - INFO - 已选取跌幅最大的前20只股票（原5830只）
2026-03-28 01:53:05,955 - INFO - 获取ST股票名单完成，共295只
2026-03-28 01:53:05,956 - INFO - 剔除ST股后剩余19只
2026-03-28 01:53:05,957 - INFO - 通过基本面验证的股票共14只
2026-03-28 01:53:05,962 - INFO - 已保存数据至 ./stock_data/daily_20260328.csv
2026-03-28 01:53:05,962 - INFO - 本次任务完成，耗时128.93秒，输出14条记录
2026-03-28 01:53:05,962 - INFO - ==================================================
2026-03-28 01:57:08,547 - INFO - 开始获取A股实时行情（分页模式）...
2026-03-28 01:57:08,547 - INFO - 正在获取上证A股...
2026-03-28 01:57:34,835 - INFO - 上证A股: 2449条
2026-03-28 01:57:34,835 - INFO - 正在获取深证A股...
2026-03-28 01:58:07,088 - INFO - 深证A股: 3069条
2026-03-28 01:58:07,088 - INFO - 获取沪深行情完成，共5518条，耗时58.54秒
2026-03-28 01:58:07,141 - INFO - 已选取跌幅最大的前20只股票（原5518只）
2026-03-28 01:59:11,012 - INFO - 获取ST股票名单完成，共295只
2026-03-28 01:59:11,014 - INFO - 剔除ST股后剩余19只
2026-03-28 01:59:11,015 - INFO - 通过基本面验证的股票共14只
2026-03-28 01:59:11,020 - INFO - 已保存数据至 ./stock_data/daily_20260328.csv
2026-03-28 02:14:23,286 - INFO - 开始批量查询 3 只股票...
2026-03-28 02:14:23,286 - INFO - 正在查询 000001...
2026-03-28 02:14:23,439 - INFO - 000001: 查询成功，共 22 条数据
2026-03-28 02:14:23,439 - INFO - 正在查询 600519...
2026-03-28 02:14:23,582 - INFO - 600519: 查询成功，共 22 条数据
2026-03-28 02:14:23,582 - INFO - 正在查询 300750...
2026-03-28 02:14:23,714 - INFO - 300750: 查询成功，共 22 条数据
2026-03-28 02:14:23,716 - INFO - 批量查询完成，共 3 只股票
2026-03-28 02:14:45,382 - INFO - 正在获取 20260328 跌停板数据...
2026-03-28 02:14:45,529 - INFO - 跌停板查询完成，共 2 只
2026-03-28 02:15:32,194 - INFO - 正在获取 20260328 涨停板数据...
2026-03-28 02:15:32,347 - INFO - 涨停板查询完成，共 78 只
2026-03-28 02:16:00,842 - INFO - 开始批量查询 2 只股票...
2026-03-28 02:16:00,842 - INFO - 正在查询 000001...
2026-03-28 02:16:01,000 - INFO - 000001: 查询成功，共 22 条数据
2026-03-28 02:16:01,000 - INFO - 正在查询 600519...
2026-03-28 02:16:01,125 - INFO - 600519: 查询成功，共 22 条数据
2026-03-28 02:16:01,129 - INFO - 批量查询完成，共 2 只股票
2026-03-28 02:16:01,130 - INFO - 已保存至 ./stock_data/test_query.md
2026-03-28 09:57:56,794 - INFO - 正在获取 20260328 跌停板数据...
2026-03-28 09:57:56,947 - INFO - 跌停板查询完成，共 2 只
2026-03-28 10:07:07,749 - INFO - 开始批量查询 2 只股票...
2026-03-28 10:07:07,751 - INFO - 正在查询 000001...
2026-03-28 10:07:07,929 - INFO - 000001: 查询成功，共 22 条数据
2026-03-28 10:07:07,929 - INFO - 正在查询 600519...
2026-03-28 10:07:08,075 - INFO - 600519: 查询成功，共 22 条数据
2026-03-28 10:07:08,076 - INFO - 批量查询完成，共 2 只股票
2026-03-28 10:08:34,573 - INFO - 开始批量查询 3 只股票...
2026-03-28 10:08:34,573 - INFO - 正在查询 000001...
2026-03-28 10:08:34,738 - INFO - 000001: 查询成功，共 22 条数据
2026-03-28 10:08:34,738 - INFO - 正在查询 600519...
2026-03-28 10:08:34,880 - INFO - 600519: 查询成功，共 22 条数据
2026-03-28 10:08:34,880 - INFO - 正在查询 300750...
2026-03-28 10:08:35,018 - INFO - 300750: 查询成功，共 22 条数据
2026-03-28 10:08:35,020 - INFO - 批量查询完成，共 3 只股票
2026-03-28 10:08:58,574 - INFO - 正在获取 20260328 跌停板数据...
2026-03-28 10:08:58,836 - INFO - 跌停板查询完成，共 2 只
2026-03-28 10:09:14,383 - INFO - 正在获取 20260328 涨停板数据...
2026-03-28 10:09:14,635 - INFO - 涨停板查询完成，共 78 只
2026-03-28 10:09:28,653 - INFO - 开始批量查询 1 只股票...
2026-03-28 10:09:28,653 - INFO - 正在查询 000001...
2026-03-28 10:09:28,808 - INFO - 000001: 查询成功，共 22 条数据
2026-03-28 10:09:28,808 - INFO - 批量查询完成，共 1 只股票
2026-03-28 10:09:28,810 - INFO - 已保存至 ./stock_data/output.md
